<?xml version="1.0" encoding="UTF-8"?>
<testng-results skipped="0" failed="0" total="2" passed="2">
  <reporter-output>
  </reporter-output>
  <suite name="Default suite" duration-ms="5750" started-at="2021-06-10T12:04:25Z" finished-at="2021-06-10T12:04:31Z">
    <groups>
    </groups>
    <test name="Default test" duration-ms="5750" started-at="2021-06-10T12:04:25Z" finished-at="2021-06-10T12:04:31Z">
      <class name="apiRestAssuredTest">
        <test-method status="PASS" signature="apitest()[pri:0, instance:apiRestAssuredTest@48aaecc3]" name="apitest" duration-ms="3369" started-at="2021-06-10T17:34:25Z" finished-at="2021-06-10T17:34:29Z">
          <reporter-output>
          </reporter-output>
        </test-method> <!-- apitest -->
        <test-method status="PASS" signature="apitest2()[pri:0, instance:apiRestAssuredTest@48aaecc3]" name="apitest2" duration-ms="2362" started-at="2021-06-10T17:34:29Z" finished-at="2021-06-10T17:34:31Z">
          <reporter-output>
          </reporter-output>
        </test-method> <!-- apitest2 -->
      </class> <!-- apiRestAssuredTest -->
    </test> <!-- Default test -->
  </suite> <!-- Default suite -->
</testng-results>
